nohup: ignoring input
JES worker starting (poll ms=2000)
✅ DB2 connection successful
✅ DB2 connection successful
✅ DB2 connection successful
✅ DB2 connection successful
✅ DB2 connection successful
✅ DB2 connection successful
✅ DB2 connection successful
✅ DB2 connection successful
✅ DB2 connection successful
✅ DB2 connection successful
Processing job J1764706759114SEFY
Job completed J1764706759114SEFY
✅ DB2 connection successful
✅ DB2 connection successful
✅ DB2 connection successful
✅ DB2 connection successful
✅ DB2 connection successful
✅ DB2 connection successful
✅ DB2 connection successful
✅ DB2 connection successful
Processing job J17647067844433708
Job completed J17647067844433708
✅ DB2 connection successful
✅ DB2 connection successful
✅ DB2 connection successful
✅ DB2 connection successful
✅ DB2 connection successful
✅ DB2 connection successful
✅ DB2 connection successful
✅ DB2 connection successful
✅ DB2 connection successful
✅ DB2 connection successful
✅ DB2 connection successful
✅ DB2 connection successful
✅ DB2 connection successful
✅ DB2 connection successful
✅ DB2 connection successful
✅ DB2 connection successful
✅ DB2 connection successful
✅ DB2 connection successful
✅ DB2 connection successful
✅ DB2 connection successful
✅ DB2 connection successful
✅ DB2 connection successful
✅ DB2 connection successful
✅ DB2 connection successful
✅ DB2 connection successful
✅ DB2 connection successful
✅ DB2 connection successful
✅ DB2 connection successful
✅ DB2 connection successful
✅ DB2 connection successful
✅ DB2 connection successful
✅ DB2 connection successful
✅ DB2 connection successful
✅ DB2 connection successful
✅ DB2 connection successful
✅ DB2 connection successful
✅ DB2 connection successful
✅ DB2 connection successful
✅ DB2 connection successful
✅ DB2 connection successful
✅ DB2 connection successful
✅ DB2 connection successful
✅ DB2 connection successful
✅ DB2 connection successful
✅ DB2 connection successful
✅ DB2 connection successful
✅ DB2 connection successful
✅ DB2 connection successful
✅ DB2 connection successful
✅ DB2 connection successful
✅ DB2 connection successful
✅ DB2 connection successful
✅ DB2 connection successful
✅ DB2 connection successful
✅ DB2 connection successful
✅ DB2 connection successful
✅ DB2 connection successful
✅ DB2 connection successful
✅ DB2 connection successful
✅ DB2 connection successful
✅ DB2 connection successful
✅ DB2 connection successful
✅ DB2 connection successful
✅ DB2 connection successful
✅ DB2 connection successful
✅ DB2 connection successful
✅ DB2 connection successful
✅ DB2 connection successful
✅ DB2 connection successful
✅ DB2 connection successful
✅ DB2 connection successful
✅ DB2 connection successful
✅ DB2 connection successful
✅ DB2 connection successful
✅ DB2 connection successful
✅ DB2 connection successful
✅ DB2 connection successful
✅ DB2 connection successful
✅ DB2 connection successful
✅ DB2 connection successful
✅ DB2 connection successful
✅ DB2 connection successful
✅ DB2 connection successful
✅ DB2 connection successful
✅ DB2 connection successful
✅ DB2 connection successful
✅ DB2 connection successful
✅ DB2 connection successful
✅ DB2 connection successful
✅ DB2 connection successful
✅ DB2 connection successful
✅ DB2 connection successful
✅ DB2 connection successful
✅ DB2 connection successful
✅ DB2 connection successful
✅ DB2 connection successful
✅ DB2 connection successful
✅ DB2 connection successful
✅ DB2 connection successful
✅ DB2 connection successful
✅ DB2 connection successful
✅ DB2 connection successful
✅ DB2 connection successful
✅ DB2 connection successful
✅ DB2 connection successful
✅ DB2 connection successful
✅ DB2 connection successful
✅ DB2 connection successful
✅ DB2 connection successful
✅ DB2 connection successful
✅ DB2 connection successful
✅ DB2 connection successful
✅ DB2 connection successful
✅ DB2 connection successful
✅ DB2 connection successful
✅ DB2 connection successful
✅ DB2 connection successful
✅ DB2 connection successful
✅ DB2 connection successful
✅ DB2 connection successful
✅ DB2 connection successful
✅ DB2 connection successful
✅ DB2 connection successful
✅ DB2 connection successful
✅ DB2 connection successful
✅ DB2 connection successful
✅ DB2 connection successful
✅ DB2 connection successful
✅ DB2 connection successful
✅ DB2 connection successful
✅ DB2 connection successful
✅ DB2 connection successful
✅ DB2 connection successful
✅ DB2 connection successful
✅ DB2 connection successful
✅ DB2 connection successful
✅ DB2 connection successful
✅ DB2 connection successful
✅ DB2 connection successful
✅ DB2 connection successful
✅ DB2 connection successful
✅ DB2 connection successful
✅ DB2 connection successful
✅ DB2 connection successful
✅ DB2 connection successful
✅ DB2 connection successful
✅ DB2 connection successful
✅ DB2 connection successful
✅ DB2 connection successful
✅ DB2 connection successful
✅ DB2 connection successful
✅ DB2 connection successful
✅ DB2 connection successful
✅ DB2 connection successful
✅ DB2 connection successful
✅ DB2 connection successful
✅ DB2 connection successful
✅ DB2 connection successful
✅ DB2 connection successful
✅ DB2 connection successful
✅ DB2 connection successful
✅ DB2 connection successful
✅ DB2 connection successful
✅ DB2 connection successful
✅ DB2 connection successful
✅ DB2 connection successful
✅ DB2 connection successful
✅ DB2 connection successful
✅ DB2 connection successful
✅ DB2 connection successful
✅ DB2 connection successful
✅ DB2 connection successful
✅ DB2 connection successful
✅ DB2 connection successful
✅ DB2 connection successful
✅ DB2 connection successful
✅ DB2 connection successful
✅ DB2 connection successful
✅ DB2 connection successful
✅ DB2 connection successful
✅ DB2 connection successful
✅ DB2 connection successful
✅ DB2 connection successful
✅ DB2 connection successful
✅ DB2 connection successful
✅ DB2 connection successful
✅ DB2 connection successful
✅ DB2 connection successful
✅ DB2 connection successful
✅ DB2 connection successful
✅ DB2 connection successful
✅ DB2 connection successful
✅ DB2 connection successful
✅ DB2 connection successful
✅ DB2 connection successful
✅ DB2 connection successful
✅ DB2 connection successful
✅ DB2 connection successful
✅ DB2 connection successful
✅ DB2 connection successful
✅ DB2 connection successful
✅ DB2 connection successful
✅ DB2 connection successful
✅ DB2 connection successful
✅ DB2 connection successful
✅ DB2 connection successful
✅ DB2 connection successful
✅ DB2 connection successful
✅ DB2 connection successful
✅ DB2 connection successful
✅ DB2 connection successful
✅ DB2 connection successful
✅ DB2 connection successful
✅ DB2 connection successful
✅ DB2 connection successful
✅ DB2 connection successful
✅ DB2 connection successful
✅ DB2 connection successful
✅ DB2 connection successful
✅ DB2 connection successful
✅ DB2 connection successful
✅ DB2 connection successful
✅ DB2 connection successful
✅ DB2 connection successful
✅ DB2 connection successful
✅ DB2 connection successful
✅ DB2 connection successful
✅ DB2 connection successful
✅ DB2 connection successful
✅ DB2 connection successful
✅ DB2 connection successful
✅ DB2 connection successful
✅ DB2 connection successful
✅ DB2 connection successful
✅ DB2 connection successful
✅ DB2 connection successful
✅ DB2 connection successful
✅ DB2 connection successful
✅ DB2 connection successful
✅ DB2 connection successful
✅ DB2 connection successful
✅ DB2 connection successful
✅ DB2 connection successful
✅ DB2 connection successful
✅ DB2 connection successful
✅ DB2 connection successful
✅ DB2 connection successful
✅ DB2 connection successful
✅ DB2 connection successful
✅ DB2 connection successful
✅ DB2 connection successful
✅ DB2 connection successful
✅ DB2 connection successful
✅ DB2 connection successful
✅ DB2 connection successful
✅ DB2 connection successful
✅ DB2 connection successful
✅ DB2 connection successful
✅ DB2 connection successful
✅ DB2 connection successful
✅ DB2 connection successful
✅ DB2 connection successful
✅ DB2 connection successful
✅ DB2 connection successful
✅ DB2 connection successful
✅ DB2 connection successful
✅ DB2 connection successful
✅ DB2 connection successful
✅ DB2 connection successful
✅ DB2 connection successful
✅ DB2 connection successful
✅ DB2 connection successful
✅ DB2 connection successful
✅ DB2 connection successful
✅ DB2 connection successful
✅ DB2 connection successful
✅ DB2 connection successful
✅ DB2 connection successful
✅ DB2 connection successful
✅ DB2 connection successful
✅ DB2 connection successful
✅ DB2 connection successful
✅ DB2 connection successful
✅ DB2 connection successful
✅ DB2 connection successful
✅ DB2 connection successful
✅ DB2 connection successful
✅ DB2 connection successful
✅ DB2 connection successful
✅ DB2 connection successful
✅ DB2 connection successful
✅ DB2 connection successful
✅ DB2 connection successful
✅ DB2 connection successful
✅ DB2 connection successful
✅ DB2 connection successful
✅ DB2 connection successful
✅ DB2 connection successful
✅ DB2 connection successful
✅ DB2 connection successful
✅ DB2 connection successful
Processing job J1764707746581O9V1
Job completed J1764707746581O9V1
✅ DB2 connection successful
✅ DB2 connection successful
✅ DB2 connection successful
✅ DB2 connection successful
✅ DB2 connection successful
✅ DB2 connection successful
✅ DB2 connection successful
✅ DB2 connection successful
✅ DB2 connection successful
✅ DB2 connection successful
✅ DB2 connection successful
✅ DB2 connection successful
✅ DB2 connection successful
✅ DB2 connection successful
✅ DB2 connection successful
✅ DB2 connection successful
✅ DB2 connection successful
✅ DB2 connection successful
✅ DB2 connection successful
✅ DB2 connection successful
✅ DB2 connection successful
✅ DB2 connection successful
✅ DB2 connection successful
✅ DB2 connection successful
✅ DB2 connection successful
✅ DB2 connection successful
✅ DB2 connection successful
✅ DB2 connection successful
✅ DB2 connection successful
✅ DB2 connection successful
✅ DB2 connection successful
✅ DB2 connection successful
✅ DB2 connection successful
✅ DB2 connection successful
✅ DB2 connection successful
✅ DB2 connection successful
✅ DB2 connection successful
✅ DB2 connection successful
✅ DB2 connection successful
✅ DB2 connection successful
✅ DB2 connection successful
✅ DB2 connection successful
✅ DB2 connection successful
✅ DB2 connection successful
✅ DB2 connection successful
✅ DB2 connection successful
✅ DB2 connection successful
✅ DB2 connection successful
✅ DB2 connection successful
✅ DB2 connection successful
✅ DB2 connection successful
✅ DB2 connection successful
✅ DB2 connection successful
✅ DB2 connection successful
✅ DB2 connection successful
✅ DB2 connection successful
✅ DB2 connection successful
✅ DB2 connection successful
Processing job J1764707934573GQ4Q
Job completed J1764707934573GQ4Q
✅ DB2 connection successful
✅ DB2 connection successful
✅ DB2 connection successful
✅ DB2 connection successful
✅ DB2 connection successful
✅ DB2 connection successful
✅ DB2 connection successful
✅ DB2 connection successful
✅ DB2 connection successful
✅ DB2 connection successful
✅ DB2 connection successful
✅ DB2 connection successful
✅ DB2 connection successful
✅ DB2 connection successful
✅ DB2 connection successful
✅ DB2 connection successful
✅ DB2 connection successful
✅ DB2 connection successful
✅ DB2 connection successful
✅ DB2 connection successful
✅ DB2 connection successful
✅ DB2 connection successful
✅ DB2 connection successful
✅ DB2 connection successful
✅ DB2 connection successful
✅ DB2 connection successful
✅ DB2 connection successful
✅ DB2 connection successful
✅ DB2 connection successful
✅ DB2 connection successful
✅ DB2 connection successful
✅ DB2 connection successful
✅ DB2 connection successful
✅ DB2 connection successful
✅ DB2 connection successful
✅ DB2 connection successful
✅ DB2 connection successful
✅ DB2 connection successful
✅ DB2 connection successful
✅ DB2 connection successful
✅ DB2 connection successful
✅ DB2 connection successful
✅ DB2 connection successful
✅ DB2 connection successful
✅ DB2 connection successful
✅ DB2 connection successful
✅ DB2 connection successful
✅ DB2 connection successful
✅ DB2 connection successful
✅ DB2 connection successful
✅ DB2 connection successful
✅ DB2 connection successful
✅ DB2 connection successful
✅ DB2 connection successful
✅ DB2 connection successful
✅ DB2 connection successful
✅ DB2 connection successful
✅ DB2 connection successful
✅ DB2 connection successful
✅ DB2 connection successful
✅ DB2 connection successful
✅ DB2 connection successful
✅ DB2 connection successful
✅ DB2 connection successful
✅ DB2 connection successful
✅ DB2 connection successful
✅ DB2 connection successful
✅ DB2 connection successful
✅ DB2 connection successful
✅ DB2 connection successful
✅ DB2 connection successful
✅ DB2 connection successful
✅ DB2 connection successful
✅ DB2 connection successful
✅ DB2 connection successful
✅ DB2 connection successful
✅ DB2 connection successful
✅ DB2 connection successful
✅ DB2 connection successful
✅ DB2 connection successful
✅ DB2 connection successful
✅ DB2 connection successful
✅ DB2 connection successful
✅ DB2 connection successful
✅ DB2 connection successful
✅ DB2 connection successful
✅ DB2 connection successful
✅ DB2 connection successful
✅ DB2 connection successful
✅ DB2 connection successful
✅ DB2 connection successful
✅ DB2 connection successful
✅ DB2 connection successful
✅ DB2 connection successful
✅ DB2 connection successful
✅ DB2 connection successful
✅ DB2 connection successful
✅ DB2 connection successful
✅ DB2 connection successful
✅ DB2 connection successful
✅ DB2 connection successful
✅ DB2 connection successful
✅ DB2 connection successful
✅ DB2 connection successful
✅ DB2 connection successful
✅ DB2 connection successful
✅ DB2 connection successful
✅ DB2 connection successful
✅ DB2 connection successful
✅ DB2 connection successful
✅ DB2 connection successful
✅ DB2 connection successful
✅ DB2 connection successful
✅ DB2 connection successful
✅ DB2 connection successful
✅ DB2 connection successful
✅ DB2 connection successful
✅ DB2 connection successful
✅ DB2 connection successful
✅ DB2 connection successful
✅ DB2 connection successful
✅ DB2 connection successful
✅ DB2 connection successful
✅ DB2 connection successful
Processing job J17647083302925UQF
Job completed J17647083302925UQF
✅ DB2 connection successful
Processing job J1764708331606Y6V5
Job completed J1764708331606Y6V5
✅ DB2 connection successful
Processing job J1764708332081H5N0
Job completed J1764708332081H5N0
✅ DB2 connection successful
Processing job J1764708332271IUTV
Job completed J1764708332271IUTV
✅ DB2 connection successful
Processing job J1764708332459U4OP
Job completed J1764708332459U4OP
✅ DB2 connection successful
✅ DB2 connection successful
✅ DB2 connection successful
Processing job J1764708348128GWK3
Job completed J1764708348128GWK3
✅ DB2 connection successful
Processing job J1764708349469QIHZ
Job completed J1764708349469QIHZ
✅ DB2 connection successful
Processing job J17647083500995TOL
Job completed J17647083500995TOL
✅ DB2 connection successful
Processing job J176470835028107YF
Job completed J176470835028107YF
✅ DB2 connection successful
Processing job J1764708350470YQ6S
Job completed J1764708350470YQ6S
✅ DB2 connection successful
✅ DB2 connection successful
✅ DB2 connection successful
✅ DB2 connection successful
✅ DB2 connection successful
✅ DB2 connection successful
✅ DB2 connection successful
✅ DB2 connection successful
✅ DB2 connection successful
✅ DB2 connection successful
✅ DB2 connection successful
✅ DB2 connection successful
✅ DB2 connection successful
✅ DB2 connection successful
✅ DB2 connection successful
✅ DB2 connection successful
Processing job J1764708408521BNH0
Job completed J1764708408521BNH0
✅ DB2 connection successful
Processing job J17647084098896MXG
Job completed J17647084098896MXG
✅ DB2 connection successful
Processing job J1764708410439ESMH
Job completed J1764708410439ESMH
✅ DB2 connection successful
Processing job J1764708410705MR6H
Job completed J1764708410705MR6H
✅ DB2 connection successful
Processing job J1764708410926EU3P
Job completed J1764708410926EU3P
✅ DB2 connection successful
✅ DB2 connection successful
Processing job J1764708423800SI10
Job completed J1764708423800SI10
✅ DB2 connection successful
Processing job J17647084251654K7A
Job completed J17647084251654K7A
✅ DB2 connection successful
Processing job J17647084257258HTA
Job completed J17647084257258HTA
✅ DB2 connection successful
Processing job J17647084259190F42
Job completed J17647084259190F42
✅ DB2 connection successful
Processing job J17647084261184CLV
Job completed J17647084261184CLV
✅ DB2 connection successful
✅ DB2 connection successful
✅ DB2 connection successful
✅ DB2 connection successful
✅ DB2 connection successful
✅ DB2 connection successful
✅ DB2 connection successful
✅ DB2 connection successful
✅ DB2 connection successful
✅ DB2 connection successful
✅ DB2 connection successful
✅ DB2 connection successful
✅ DB2 connection successful
✅ DB2 connection successful
✅ DB2 connection successful
✅ DB2 connection successful
✅ DB2 connection successful
✅ DB2 connection successful
✅ DB2 connection successful
✅ DB2 connection successful
✅ DB2 connection successful
✅ DB2 connection successful
✅ DB2 connection successful
✅ DB2 connection successful
✅ DB2 connection successful
✅ DB2 connection successful
✅ DB2 connection successful
✅ DB2 connection successful
✅ DB2 connection successful
✅ DB2 connection successful
✅ DB2 connection successful
✅ DB2 connection successful
Processing job J17647085362498RVG
Job completed J17647085362498RVG
✅ DB2 connection successful
Processing job J1764708536705UKSL
Job completed J1764708536705UKSL
✅ DB2 connection successful
Processing job J1764708536896ZYUP
Job completed J1764708536896ZYUP
✅ DB2 connection successful
Processing job J1764708537091ND0J
Job completed J1764708537091ND0J
✅ DB2 connection successful
Processing job J1764708537294674G
Job completed J1764708537294674G
✅ DB2 connection successful
Processing job J17647085374862VAK
Job completed J17647085374862VAK
✅ DB2 connection successful
Processing job J17647085376791S9K
Job completed J17647085376791S9K
✅ DB2 connection successful
Processing job J1764708540734USUQ
Job completed J1764708540734USUQ
✅ DB2 connection successful
Processing job J1764708541614XNWU
Job completed J1764708541614XNWU
✅ DB2 connection successful
Processing job J17647085418112T85
Job completed J17647085418112T85
✅ DB2 connection successful
Processing job J17647085419962QJI
Job completed J17647085419962QJI
✅ DB2 connection successful
Processing job J1764708542182D615
Job completed J1764708542182D615
✅ DB2 connection successful
Processing job J1764708542372V9HQ
Job completed J1764708542372V9HQ
✅ DB2 connection successful
Processing job J1764708542557ZZ6C
Job completed J1764708542557ZZ6C
✅ DB2 connection successful
Processing job J1764708543486LHK2
Job completed J1764708543486LHK2
✅ DB2 connection successful
Processing job J1764708543668PE5J
Job completed J1764708543668PE5J
✅ DB2 connection successful
Processing job J17647085438498XRQ
Job completed J17647085438498XRQ
✅ DB2 connection successful
Processing job J1764708544030VSMO
Job completed J1764708544030VSMO
✅ DB2 connection successful
Processing job J1764708544217AHP3
Job completed J1764708544217AHP3
✅ DB2 connection successful
Processing job J1764708544403T1AH
Job completed J1764708544403T1AH
✅ DB2 connection successful
Processing job J1764708546384MLBD
Job completed J1764708546384MLBD
✅ DB2 connection successful
Processing job J1764708546833QTAV
Job completed J1764708546833QTAV
✅ DB2 connection successful
Processing job J1764708547015395K
Job completed J1764708547015395K
✅ DB2 connection successful
Processing job J1764708547203P67P
Job completed J1764708547203P67P
✅ DB2 connection successful
Processing job J1764708547398W8Y2
Job completed J1764708547398W8Y2
✅ DB2 connection successful
Processing job J1764708547581A98B
Job completed J1764708547581A98B
✅ DB2 connection successful
Processing job J1764708547766CNV9
Job completed J1764708547766CNV9
✅ DB2 connection successful
Processing job J176470854902438DG
Job completed J176470854902438DG
✅ DB2 connection successful
Processing job J1764708549212S391
Job completed J1764708549212S391
✅ DB2 connection successful
Processing job J1764708549413G5ES
Job completed J1764708549413G5ES
✅ DB2 connection successful
✅ DB2 connection successful
✅ DB2 connection successful
✅ DB2 connection successful
✅ DB2 connection successful
✅ DB2 connection successful
✅ DB2 connection successful
✅ DB2 connection successful
✅ DB2 connection successful
✅ DB2 connection successful
Processing job J17647086383351ITW
Job completed J17647086383351ITW
✅ DB2 connection successful
✅ DB2 connection successful
✅ DB2 connection successful
✅ DB2 connection successful
✅ DB2 connection successful
✅ DB2 connection successful
✅ DB2 connection successful
✅ DB2 connection successful
✅ DB2 connection successful
✅ DB2 connection successful
✅ DB2 connection successful
✅ DB2 connection successful
✅ DB2 connection successful
✅ DB2 connection successful
✅ DB2 connection successful
✅ DB2 connection successful
✅ DB2 connection successful
✅ DB2 connection successful
✅ DB2 connection successful
✅ DB2 connection successful
✅ DB2 connection successful
✅ DB2 connection successful
✅ DB2 connection successful
✅ DB2 connection successful
✅ DB2 connection successful
✅ DB2 connection successful
✅ DB2 connection successful
✅ DB2 connection successful
✅ DB2 connection successful
✅ DB2 connection successful
✅ DB2 connection successful
✅ DB2 connection successful
✅ DB2 connection successful
✅ DB2 connection successful
✅ DB2 connection successful
✅ DB2 connection successful
✅ DB2 connection successful
✅ DB2 connection successful
✅ DB2 connection successful
✅ DB2 connection successful
✅ DB2 connection successful
✅ DB2 connection successful
✅ DB2 connection successful
✅ DB2 connection successful
✅ DB2 connection successful
✅ DB2 connection successful
✅ DB2 connection successful
✅ DB2 connection successful
✅ DB2 connection successful
✅ DB2 connection successful
✅ DB2 connection successful
✅ DB2 connection successful
✅ DB2 connection successful
✅ DB2 connection successful
✅ DB2 connection successful
✅ DB2 connection successful
✅ DB2 connection successful
✅ DB2 connection successful
✅ DB2 connection successful
✅ DB2 connection successful
✅ DB2 connection successful
✅ DB2 connection successful
✅ DB2 connection successful
✅ DB2 connection successful
✅ DB2 connection successful
✅ DB2 connection successful
✅ DB2 connection successful
✅ DB2 connection successful
✅ DB2 connection successful
✅ DB2 connection successful
✅ DB2 connection successful
✅ DB2 connection successful
✅ DB2 connection successful
✅ DB2 connection successful
✅ DB2 connection successful
✅ DB2 connection successful
✅ DB2 connection successful
✅ DB2 connection successful
✅ DB2 connection successful
✅ DB2 connection successful
✅ DB2 connection successful
✅ DB2 connection successful
✅ DB2 connection successful
✅ DB2 connection successful
✅ DB2 connection successful
✅ DB2 connection successful
✅ DB2 connection successful
✅ DB2 connection successful
✅ DB2 connection successful
✅ DB2 connection successful
✅ DB2 connection successful
✅ DB2 connection successful
✅ DB2 connection successful
✅ DB2 connection successful
✅ DB2 connection successful
✅ DB2 connection successful
✅ DB2 connection successful
✅ DB2 connection successful
✅ DB2 connection successful
✅ DB2 connection successful
✅ DB2 connection successful
✅ DB2 connection successful
✅ DB2 connection successful
✅ DB2 connection successful
✅ DB2 connection successful
✅ DB2 connection successful
✅ DB2 connection successful
✅ DB2 connection successful
✅ DB2 connection successful
✅ DB2 connection successful
✅ DB2 connection successful
✅ DB2 connection successful
✅ DB2 connection successful
✅ DB2 connection successful
✅ DB2 connection successful
✅ DB2 connection successful
✅ DB2 connection successful
✅ DB2 connection successful
✅ DB2 connection successful
✅ DB2 connection successful
✅ DB2 connection successful
✅ DB2 connection successful
✅ DB2 connection successful
✅ DB2 connection successful
✅ DB2 connection successful
✅ DB2 connection successful
✅ DB2 connection successful
✅ DB2 connection successful
✅ DB2 connection successful
✅ DB2 connection successful
✅ DB2 connection successful
✅ DB2 connection successful
✅ DB2 connection successful
✅ DB2 connection successful
✅ DB2 connection successful
✅ DB2 connection successful
✅ DB2 connection successful
✅ DB2 connection successful
✅ DB2 connection successful
✅ DB2 connection successful
✅ DB2 connection successful
✅ DB2 connection successful
✅ DB2 connection successful
✅ DB2 connection successful
✅ DB2 connection successful
✅ DB2 connection successful
✅ DB2 connection successful
✅ DB2 connection successful
✅ DB2 connection successful
✅ DB2 connection successful
✅ DB2 connection successful
✅ DB2 connection successful
✅ DB2 connection successful
✅ DB2 connection successful
✅ DB2 connection successful
✅ DB2 connection successful
✅ DB2 connection successful
✅ DB2 connection successful
✅ DB2 connection successful
✅ DB2 connection successful
✅ DB2 connection successful
✅ DB2 connection successful
✅ DB2 connection successful
✅ DB2 connection successful
✅ DB2 connection successful
✅ DB2 connection successful
✅ DB2 connection successful
✅ DB2 connection successful
✅ DB2 connection successful
✅ DB2 connection successful
✅ DB2 connection successful
✅ DB2 connection successful
✅ DB2 connection successful
✅ DB2 connection successful
✅ DB2 connection successful
✅ DB2 connection successful
✅ DB2 connection successful
✅ DB2 connection successful
✅ DB2 connection successful
Processing job J1764709206818EBU9
Job completed J1764709206818EBU9
✅ DB2 connection successful
Processing job J1764709209764O8DF
Job completed J1764709209764O8DF
✅ DB2 connection successful
✅ DB2 connection successful
Processing job J1764709214223MWDR
Job completed J1764709214223MWDR
✅ DB2 connection successful
✅ DB2 connection successful
✅ DB2 connection successful
✅ DB2 connection successful
✅ DB2 connection successful
✅ DB2 connection successful
✅ DB2 connection successful
✅ DB2 connection successful
✅ DB2 connection successful
✅ DB2 connection successful
✅ DB2 connection successful
✅ DB2 connection successful
✅ DB2 connection successful
✅ DB2 connection successful
✅ DB2 connection successful
✅ DB2 connection successful
✅ DB2 connection successful
✅ DB2 connection successful
✅ DB2 connection successful
Processing job J1764709273578AE9C
Job completed J1764709273578AE9C
✅ DB2 connection successful
Processing job J1764709276265KW2R
Job completed J1764709276265KW2R
✅ DB2 connection successful
✅ DB2 connection successful
✅ DB2 connection successful
✅ DB2 connection successful
✅ DB2 connection successful
✅ DB2 connection successful
✅ DB2 connection successful
✅ DB2 connection successful
✅ DB2 connection successful
✅ DB2 connection successful
✅ DB2 connection successful
✅ DB2 connection successful
✅ DB2 connection successful
✅ DB2 connection successful
✅ DB2 connection successful
✅ DB2 connection successful
✅ DB2 connection successful
✅ DB2 connection successful
✅ DB2 connection successful
✅ DB2 connection successful
✅ DB2 connection successful
✅ DB2 connection successful
✅ DB2 connection successful
✅ DB2 connection successful
✅ DB2 connection successful
✅ DB2 connection successful
✅ DB2 connection successful
✅ DB2 connection successful
✅ DB2 connection successful
✅ DB2 connection successful
✅ DB2 connection successful
✅ DB2 connection successful
✅ DB2 connection successful
✅ DB2 connection successful
✅ DB2 connection successful
✅ DB2 connection successful
✅ DB2 connection successful
✅ DB2 connection successful
✅ DB2 connection successful
✅ DB2 connection successful
✅ DB2 connection successful
✅ DB2 connection successful
✅ DB2 connection successful
✅ DB2 connection successful
✅ DB2 connection successful
✅ DB2 connection successful
✅ DB2 connection successful
✅ DB2 connection successful
✅ DB2 connection successful
✅ DB2 connection successful
✅ DB2 connection successful
✅ DB2 connection successful
✅ DB2 connection successful
✅ DB2 connection successful
Processing job J17647094448801SA5
Job completed J17647094448801SA5
✅ DB2 connection successful
✅ DB2 connection successful
✅ DB2 connection successful
Processing job J1764709453220O46B
Job completed J1764709453220O46B
✅ DB2 connection successful
✅ DB2 connection successful
✅ DB2 connection successful
✅ DB2 connection successful
✅ DB2 connection successful
✅ DB2 connection successful
✅ DB2 connection successful
✅ DB2 connection successful
✅ DB2 connection successful
✅ DB2 connection successful
✅ DB2 connection successful
✅ DB2 connection successful
✅ DB2 connection successful
✅ DB2 connection successful
✅ DB2 connection successful
✅ DB2 connection successful
✅ DB2 connection successful
✅ DB2 connection successful
✅ DB2 connection successful
✅ DB2 connection successful
✅ DB2 connection successful
✅ DB2 connection successful
✅ DB2 connection successful
✅ DB2 connection successful
✅ DB2 connection successful
✅ DB2 connection successful
✅ DB2 connection successful
✅ DB2 connection successful
✅ DB2 connection successful
✅ DB2 connection successful
✅ DB2 connection successful
✅ DB2 connection successful
✅ DB2 connection successful
✅ DB2 connection successful
✅ DB2 connection successful
✅ DB2 connection successful
✅ DB2 connection successful
✅ DB2 connection successful
✅ DB2 connection successful
✅ DB2 connection successful
✅ DB2 connection successful
✅ DB2 connection successful
✅ DB2 connection successful
✅ DB2 connection successful
✅ DB2 connection successful
✅ DB2 connection successful
✅ DB2 connection successful
✅ DB2 connection successful
✅ DB2 connection successful
✅ DB2 connection successful
✅ DB2 connection successful
